  bitmapclass.cpp
  cameraclass.cpp
  colorshaderclass.cpp
  cpuclass.cpp
  d3dclass.cpp
  DDSTextureLoader.cpp
  fontclass.cpp
  fontshaderclass.cpp
  fpsclass.cpp
  graphicsclass.cpp
  inputclass.cpp
  lightclass.cpp
  lightshaderclass.cpp
  main.cpp
  modelclass.cpp
  ParticleShaderClass.cpp
C:\Users\leeky\Downloads\DirectFinal\DirectFinal\DirectFinal\DirectFinal\DirectFinal\ParticleShaderClass.cpp(1,1): warning C4819: 현재 코드 페이지(949)에서 표시할 수 없는 문자가 파일에 들어 있습니다. 데이터가 손실되지 않게 하려면 해당 파일을 유니코드 형식으로 저장하십시오.
  ParticleSystemClass.cpp
  SkyDomeClass.cpp
  SkyDomeShader.cpp
  soundclass.cpp
  컴파일하고 있습니다...
  stdafx.cpp
  systemclass.cpp
C:\Users\leeky\Downloads\DirectFinal\DirectFinal\DirectFinal\DirectFinal\DirectFinal\systemclass.cpp(59,32): warning C4316: 'GraphicsClass': 힙에 할당된 개체가 16에 맞추어져 있지 않을 수도 있습니다
  textclass.cpp
  textureclass.cpp
  textureshaderclass.cpp
  timerclass.cpp
  코드를 생성하고 있습니다.
  591 of 600 functions (98.5%) were compiled, the rest were copied from previous compilation.
    10 functions were new in current compilation
    2 functions had inline decision re-evaluated but remain unchanged
  코드를 생성했습니다.
  DirectFinal.vcxproj -> C:\Users\leeky\Downloads\DirectFinal\DirectFinal\DirectFinal\DirectFinal\Release\DirectFinal.exe
